<?xml version="1.0" encoding="UTF-8"?>
<!-- Generated by org.testng.reporters.JUnitXMLReporter -->
<testsuite ignored="4" hostname="LTIN280286" failures="0" tests="24" name="Test" time="97.58" errors="0" timestamp="2024-02-29T15:43:17 IST">
  <testcase classname="testcases.TC001_Home_Page" name="homePageVerification" time="6.862"/>
  <testcase classname="testcases.TC001_Home_Page" name="WebDevelopmentPageVerification" time="0.7"/>
  <testcase classname="testcases.TC001_Home_Page" name="coursesVerification" time="17.77"/>
  <testcase classname="testcases.TC001_Home_Page" name="SecondsearchboxVerification" time="1.607"/>
  <testcase classname="testcases.TC002_Language_Learning" name="ShowMorelinkVerification" time="0.349"/>
  <testcase classname="testcases.TC002_Language_Learning" name="LanguageVerification" time="3.171"/>
  <testcase classname="testcases.TC002_Language_Learning" name="CloselinkVerification" time="0.099"/>
  <testcase classname="testcases.TC002_Language_Learning" name="LevelCountVerification" time="2.438"/>
  <testcase classname="testcases.TC002_Language_Learning" name="ClickCourseraVerification" time="5.858"/>
  <testcase classname="testcases.TC002_Language_Learning" name="forEnterpriseVerification" time="9.437"/>
  <testcase classname="testcases.TC003_Form_Page" name="FormValidation" time="0.36"/>
  <testcase classname="testcases.TC003_Form_Page" name="ClickProductVerification" time="3.598"/>
  <testcase classname="testcases.TC003_Form_Page" name="learnMoreVerification" time="8.266"/>
  <testcase classname="testcases.TC003_Form_Page" name="VerificationName" time="0.807"/>
  <testcase classname="testcases.TC003_Form_Page" name="emailVerification" time="0.301"/>
  <testcase classname="testcases.TC003_Form_Page" name="phnoVerification" time="0.315"/>
  <testcase classname="testcases.TC003_Form_Page" name="institutionVerification" time="0.564"/>
  <testcase classname="testcases.TC003_Form_Page" name="jobRoleVerification" time="0.301"/>
  <testcase classname="testcases.TC003_Form_Page" name="deptVerification" time="0.241"/>
  <testcase classname="testcases.TC003_Form_Page" name="bDescVerification" time="0.325"/>
  <testcase classname="testcases.TC003_Form_Page" name="ctryVerification" time="0.332"/>
  <testcase classname="testcases.TC003_Form_Page" name="stateVerification" time="0.236"/>
  <testcase classname="testcases.TC003_Form_Page" name="subButtonVerification" time="0.102"/>
  <testcase classname="testcases.TC003_Form_Page" name="captureMessageVerification" time="0.168"/>
  <testcase classname="testBase.BaseClass" name="@AfterTest tearDown" time="0.0">
    <ignored/>
  </testcase> <!-- @AfterTest tearDown -->
  <testcase classname="testBase.BaseClass" name="@AfterTest tearDown" time="0.0">
    <ignored/>
  </testcase> <!-- @AfterTest tearDown -->
  <testcase classname="testBase.BaseClass" name="@BeforeTest setUp" time="0.0">
    <ignored/>
  </testcase> <!-- @BeforeTest setUp -->
  <testcase classname="testBase.BaseClass" name="@BeforeTest setUp" time="0.0">
    <ignored/>
  </testcase> <!-- @BeforeTest setUp -->
</testsuite> <!-- Test -->
