<?xml version="1.0" encoding="UTF-8"?>
<testng-results ignored="4" total="28" passed="24" failed="0" skipped="0">
  <reporter-output>
  </reporter-output>
  <suite started-at="2024-02-29T15:41:39 IST" name="Suite" finished-at="2024-02-29T15:43:17 IST" duration-ms="97580">
    <groups>
      <group name="regression">
        <method signature="TC001_Home_Page.SecondsearchboxVerification()[pri:4, instance:testcases.TC001_Home_Page@b9b00e0]" name="SecondsearchboxVerification" class="testcases.TC001_Home_Page"/>
        <method signature="TC001_Home_Page.WebDevelopmentPageVerification()[pri:2, instance:testcases.TC001_Home_Page@b9b00e0]" name="WebDevelopmentPageVerification" class="testcases.TC001_Home_Page"/>
        <method signature="TC001_Home_Page.coursesVerification()[pri:3, instance:testcases.TC001_Home_Page@b9b00e0]" name="coursesVerification" class="testcases.TC001_Home_Page"/>
        <method signature="TC001_Home_Page.homePageVerification()[pri:1, instance:testcases.TC001_Home_Page@b9b00e0]" name="homePageVerification" class="testcases.TC001_Home_Page"/>
        <method signature="TC002_Language_Learning.ClickCourseraVerification()[pri:5, instance:testcases.TC002_Language_Learning@73e9cf30]" name="ClickCourseraVerification" class="testcases.TC002_Language_Learning"/>
        <method signature="TC002_Language_Learning.CloselinkVerification()[pri:3, instance:testcases.TC002_Language_Learning@73e9cf30]" name="CloselinkVerification" class="testcases.TC002_Language_Learning"/>
        <method signature="TC002_Language_Learning.LanguageVerification()[pri:2, instance:testcases.TC002_Language_Learning@73e9cf30]" name="LanguageVerification" class="testcases.TC002_Language_Learning"/>
        <method signature="TC002_Language_Learning.LevelCountVerification()[pri:4, instance:testcases.TC002_Language_Learning@73e9cf30]" name="LevelCountVerification" class="testcases.TC002_Language_Learning"/>
        <method signature="TC002_Language_Learning.ShowMorelinkVerification()[pri:1, instance:testcases.TC002_Language_Learning@73e9cf30]" name="ShowMorelinkVerification" class="testcases.TC002_Language_Learning"/>
        <method signature="TC002_Language_Learning.forEnterpriseVerification()[pri:6, instance:testcases.TC002_Language_Learning@73e9cf30]" name="forEnterpriseVerification" class="testcases.TC002_Language_Learning"/>
        <method signature="TC003_Form_Page.ClickProductVerification()[pri:2, instance:testcases.TC003_Form_Page@771a660]" name="ClickProductVerification" class="testcases.TC003_Form_Page"/>
        <method signature="TC003_Form_Page.FormValidation()[pri:1, instance:testcases.TC003_Form_Page@771a660]" name="FormValidation" class="testcases.TC003_Form_Page"/>
        <method signature="TC003_Form_Page.VerificationName()[pri:4, instance:testcases.TC003_Form_Page@771a660]" name="VerificationName" class="testcases.TC003_Form_Page"/>
        <method signature="TC003_Form_Page.bDescVerification()[pri:10, instance:testcases.TC003_Form_Page@771a660]" name="bDescVerification" class="testcases.TC003_Form_Page"/>
        <method signature="TC003_Form_Page.captureMessageVerification()[pri:14, instance:testcases.TC003_Form_Page@771a660]" name="captureMessageVerification" class="testcases.TC003_Form_Page"/>
        <method signature="TC003_Form_Page.ctryVerification()[pri:11, instance:testcases.TC003_Form_Page@771a660]" name="ctryVerification" class="testcases.TC003_Form_Page"/>
        <method signature="TC003_Form_Page.deptVerification()[pri:9, instance:testcases.TC003_Form_Page@771a660]" name="deptVerification" class="testcases.TC003_Form_Page"/>
        <method signature="TC003_Form_Page.emailVerification()[pri:5, instance:testcases.TC003_Form_Page@771a660]" name="emailVerification" class="testcases.TC003_Form_Page"/>
        <method signature="TC003_Form_Page.institutionVerification()[pri:7, instance:testcases.TC003_Form_Page@771a660]" name="institutionVerification" class="testcases.TC003_Form_Page"/>
        <method signature="TC003_Form_Page.jobRoleVerification()[pri:8, instance:testcases.TC003_Form_Page@771a660]" name="jobRoleVerification" class="testcases.TC003_Form_Page"/>
        <method signature="TC003_Form_Page.learnMoreVerification()[pri:3, instance:testcases.TC003_Form_Page@771a660]" name="learnMoreVerification" class="testcases.TC003_Form_Page"/>
        <method signature="TC003_Form_Page.phnoVerification()[pri:6, instance:testcases.TC003_Form_Page@771a660]" name="phnoVerification" class="testcases.TC003_Form_Page"/>
        <method signature="TC003_Form_Page.stateVerification()[pri:12, instance:testcases.TC003_Form_Page@771a660]" name="stateVerification" class="testcases.TC003_Form_Page"/>
        <method signature="TC003_Form_Page.subButtonVerification()[pri:13, instance:testcases.TC003_Form_Page@771a660]" name="subButtonVerification" class="testcases.TC003_Form_Page"/>
      </group> <!-- regression -->
      <group name="sanity">
        <method signature="TC001_Home_Page.SecondsearchboxVerification()[pri:4, instance:testcases.TC001_Home_Page@b9b00e0]" name="SecondsearchboxVerification" class="testcases.TC001_Home_Page"/>
        <method signature="TC001_Home_Page.WebDevelopmentPageVerification()[pri:2, instance:testcases.TC001_Home_Page@b9b00e0]" name="WebDevelopmentPageVerification" class="testcases.TC001_Home_Page"/>
        <method signature="TC001_Home_Page.coursesVerification()[pri:3, instance:testcases.TC001_Home_Page@b9b00e0]" name="coursesVerification" class="testcases.TC001_Home_Page"/>
        <method signature="TC001_Home_Page.homePageVerification()[pri:1, instance:testcases.TC001_Home_Page@b9b00e0]" name="homePageVerification" class="testcases.TC001_Home_Page"/>
        <method signature="TC002_Language_Learning.ClickCourseraVerification()[pri:5, instance:testcases.TC002_Language_Learning@73e9cf30]" name="ClickCourseraVerification" class="testcases.TC002_Language_Learning"/>
        <method signature="TC002_Language_Learning.CloselinkVerification()[pri:3, instance:testcases.TC002_Language_Learning@73e9cf30]" name="CloselinkVerification" class="testcases.TC002_Language_Learning"/>
        <method signature="TC002_Language_Learning.LanguageVerification()[pri:2, instance:testcases.TC002_Language_Learning@73e9cf30]" name="LanguageVerification" class="testcases.TC002_Language_Learning"/>
        <method signature="TC002_Language_Learning.LevelCountVerification()[pri:4, instance:testcases.TC002_Language_Learning@73e9cf30]" name="LevelCountVerification" class="testcases.TC002_Language_Learning"/>
        <method signature="TC002_Language_Learning.ShowMorelinkVerification()[pri:1, instance:testcases.TC002_Language_Learning@73e9cf30]" name="ShowMorelinkVerification" class="testcases.TC002_Language_Learning"/>
        <method signature="TC002_Language_Learning.forEnterpriseVerification()[pri:6, instance:testcases.TC002_Language_Learning@73e9cf30]" name="forEnterpriseVerification" class="testcases.TC002_Language_Learning"/>
        <method signature="TC003_Form_Page.ClickProductVerification()[pri:2, instance:testcases.TC003_Form_Page@771a660]" name="ClickProductVerification" class="testcases.TC003_Form_Page"/>
        <method signature="TC003_Form_Page.FormValidation()[pri:1, instance:testcases.TC003_Form_Page@771a660]" name="FormValidation" class="testcases.TC003_Form_Page"/>
        <method signature="TC003_Form_Page.VerificationName()[pri:4, instance:testcases.TC003_Form_Page@771a660]" name="VerificationName" class="testcases.TC003_Form_Page"/>
        <method signature="TC003_Form_Page.bDescVerification()[pri:10, instance:testcases.TC003_Form_Page@771a660]" name="bDescVerification" class="testcases.TC003_Form_Page"/>
        <method signature="TC003_Form_Page.captureMessageVerification()[pri:14, instance:testcases.TC003_Form_Page@771a660]" name="captureMessageVerification" class="testcases.TC003_Form_Page"/>
        <method signature="TC003_Form_Page.ctryVerification()[pri:11, instance:testcases.TC003_Form_Page@771a660]" name="ctryVerification" class="testcases.TC003_Form_Page"/>
        <method signature="TC003_Form_Page.deptVerification()[pri:9, instance:testcases.TC003_Form_Page@771a660]" name="deptVerification" class="testcases.TC003_Form_Page"/>
        <method signature="TC003_Form_Page.emailVerification()[pri:5, instance:testcases.TC003_Form_Page@771a660]" name="emailVerification" class="testcases.TC003_Form_Page"/>
        <method signature="TC003_Form_Page.institutionVerification()[pri:7, instance:testcases.TC003_Form_Page@771a660]" name="institutionVerification" class="testcases.TC003_Form_Page"/>
        <method signature="TC003_Form_Page.jobRoleVerification()[pri:8, instance:testcases.TC003_Form_Page@771a660]" name="jobRoleVerification" class="testcases.TC003_Form_Page"/>
        <method signature="TC003_Form_Page.learnMoreVerification()[pri:3, instance:testcases.TC003_Form_Page@771a660]" name="learnMoreVerification" class="testcases.TC003_Form_Page"/>
        <method signature="TC003_Form_Page.phnoVerification()[pri:6, instance:testcases.TC003_Form_Page@771a660]" name="phnoVerification" class="testcases.TC003_Form_Page"/>
        <method signature="TC003_Form_Page.stateVerification()[pri:12, instance:testcases.TC003_Form_Page@771a660]" name="stateVerification" class="testcases.TC003_Form_Page"/>
        <method signature="TC003_Form_Page.subButtonVerification()[pri:13, instance:testcases.TC003_Form_Page@771a660]" name="subButtonVerification" class="testcases.TC003_Form_Page"/>
      </group> <!-- sanity -->
    </groups>
    <test started-at="2024-02-29T15:41:39 IST" name="Test" finished-at="2024-02-29T15:43:17 IST" duration-ms="97580">
      <class name="testcases.TC003_Form_Page">
        <test-method signature="FormValidation()[pri:1, instance:testcases.TC003_Form_Page@771a660]" started-at="2024-02-29T15:42:54 IST" name="FormValidation" finished-at="2024-02-29T15:42:55 IST" duration-ms="360" status="PASS">
          <reporter-output>
          </reporter-output>
        </test-method> <!-- FormValidation -->
        <test-method signature="ClickProductVerification()[pri:2, instance:testcases.TC003_Form_Page@771a660]" started-at="2024-02-29T15:42:55 IST" name="ClickProductVerification" finished-at="2024-02-29T15:42:58 IST" duration-ms="3598" status="PASS">
          <reporter-output>
          </reporter-output>
        </test-method> <!-- ClickProductVerification -->
        <test-method signature="learnMoreVerification()[pri:3, instance:testcases.TC003_Form_Page@771a660]" started-at="2024-02-29T15:42:59 IST" name="learnMoreVerification" finished-at="2024-02-29T15:43:07 IST" duration-ms="8266" status="PASS">
          <reporter-output>
          </reporter-output>
        </test-method> <!-- learnMoreVerification -->
        <test-method signature="VerificationName()[pri:4, instance:testcases.TC003_Form_Page@771a660]" started-at="2024-02-29T15:43:08 IST" name="VerificationName" finished-at="2024-02-29T15:43:09 IST" duration-ms="807" status="PASS">
          <reporter-output>
          </reporter-output>
        </test-method> <!-- VerificationName -->
        <test-method signature="emailVerification()[pri:5, instance:testcases.TC003_Form_Page@771a660]" started-at="2024-02-29T15:43:09 IST" name="emailVerification" finished-at="2024-02-29T15:43:10 IST" duration-ms="301" status="PASS">
          <reporter-output>
          </reporter-output>
        </test-method> <!-- emailVerification -->
        <test-method signature="phnoVerification()[pri:6, instance:testcases.TC003_Form_Page@771a660]" started-at="2024-02-29T15:43:10 IST" name="phnoVerification" finished-at="2024-02-29T15:43:10 IST" duration-ms="315" status="PASS">
          <reporter-output>
          </reporter-output>
        </test-method> <!-- phnoVerification -->
        <test-method signature="institutionVerification()[pri:7, instance:testcases.TC003_Form_Page@771a660]" started-at="2024-02-29T15:43:11 IST" name="institutionVerification" finished-at="2024-02-29T15:43:11 IST" duration-ms="564" status="PASS">
          <reporter-output>
          </reporter-output>
        </test-method> <!-- institutionVerification -->
        <test-method signature="jobRoleVerification()[pri:8, instance:testcases.TC003_Form_Page@771a660]" started-at="2024-02-29T15:43:11 IST" name="jobRoleVerification" finished-at="2024-02-29T15:43:12 IST" duration-ms="301" status="PASS">
          <reporter-output>
          </reporter-output>
        </test-method> <!-- jobRoleVerification -->
        <test-method signature="deptVerification()[pri:9, instance:testcases.TC003_Form_Page@771a660]" started-at="2024-02-29T15:43:12 IST" name="deptVerification" finished-at="2024-02-29T15:43:12 IST" duration-ms="241" status="PASS">
          <reporter-output>
          </reporter-output>
        </test-method> <!-- deptVerification -->
        <test-method signature="bDescVerification()[pri:10, instance:testcases.TC003_Form_Page@771a660]" started-at="2024-02-29T15:43:13 IST" name="bDescVerification" finished-at="2024-02-29T15:43:13 IST" duration-ms="325" status="PASS">
          <reporter-output>
          </reporter-output>
        </test-method> <!-- bDescVerification -->
        <test-method signature="ctryVerification()[pri:11, instance:testcases.TC003_Form_Page@771a660]" started-at="2024-02-29T15:43:13 IST" name="ctryVerification" finished-at="2024-02-29T15:43:13 IST" duration-ms="332" status="PASS">
          <reporter-output>
          </reporter-output>
        </test-method> <!-- ctryVerification -->
        <test-method signature="stateVerification()[pri:12, instance:testcases.TC003_Form_Page@771a660]" started-at="2024-02-29T15:43:14 IST" name="stateVerification" finished-at="2024-02-29T15:43:14 IST" duration-ms="236" status="PASS">
          <reporter-output>
          </reporter-output>
        </test-method> <!-- stateVerification -->
        <test-method signature="subButtonVerification()[pri:13, instance:testcases.TC003_Form_Page@771a660]" started-at="2024-02-29T15:43:14 IST" name="subButtonVerification" finished-at="2024-02-29T15:43:14 IST" duration-ms="102" status="PASS">
          <reporter-output>
          </reporter-output>
        </test-method> <!-- subButtonVerification -->
        <test-method signature="captureMessageVerification()[pri:14, instance:testcases.TC003_Form_Page@771a660]" started-at="2024-02-29T15:43:15 IST" name="captureMessageVerification" finished-at="2024-02-29T15:43:15 IST" duration-ms="168" status="PASS">
          <reporter-output>
          </reporter-output>
        </test-method> <!-- captureMessageVerification -->
      </class> <!-- testcases.TC003_Form_Page -->
      <class name="testcases.TC002_Language_Learning">
        <test-method signature="ShowMorelinkVerification()[pri:1, instance:testcases.TC002_Language_Learning@73e9cf30]" started-at="2024-02-29T15:42:30 IST" name="ShowMorelinkVerification" finished-at="2024-02-29T15:42:31 IST" duration-ms="349" status="PASS">
          <reporter-output>
          </reporter-output>
        </test-method> <!-- ShowMorelinkVerification -->
        <test-method signature="LanguageVerification()[pri:2, instance:testcases.TC002_Language_Learning@73e9cf30]" started-at="2024-02-29T15:42:31 IST" name="LanguageVerification" finished-at="2024-02-29T15:42:34 IST" duration-ms="3171" status="PASS">
          <reporter-output>
          </reporter-output>
        </test-method> <!-- LanguageVerification -->
        <test-method signature="CloselinkVerification()[pri:3, instance:testcases.TC002_Language_Learning@73e9cf30]" started-at="2024-02-29T15:42:35 IST" name="CloselinkVerification" finished-at="2024-02-29T15:42:35 IST" duration-ms="99" status="PASS">
          <reporter-output>
          </reporter-output>
        </test-method> <!-- CloselinkVerification -->
        <test-method signature="LevelCountVerification()[pri:4, instance:testcases.TC002_Language_Learning@73e9cf30]" started-at="2024-02-29T15:42:35 IST" name="LevelCountVerification" finished-at="2024-02-29T15:42:38 IST" duration-ms="2438" status="PASS">
          <reporter-output>
          </reporter-output>
        </test-method> <!-- LevelCountVerification -->
        <test-method signature="ClickCourseraVerification()[pri:5, instance:testcases.TC002_Language_Learning@73e9cf30]" started-at="2024-02-29T15:42:38 IST" name="ClickCourseraVerification" finished-at="2024-02-29T15:42:44 IST" duration-ms="5858" status="PASS">
          <reporter-output>
          </reporter-output>
        </test-method> <!-- ClickCourseraVerification -->
        <test-method signature="forEnterpriseVerification()[pri:6, instance:testcases.TC002_Language_Learning@73e9cf30]" started-at="2024-02-29T15:42:44 IST" name="forEnterpriseVerification" finished-at="2024-02-29T15:42:54 IST" duration-ms="9437" status="PASS">
          <reporter-output>
          </reporter-output>
        </test-method> <!-- forEnterpriseVerification -->
      </class> <!-- testcases.TC002_Language_Learning -->
      <class name="testcases.TC001_Home_Page">
        <test-method is-config="true" signature="setUp(java.lang.String,java.lang.String)[pri:0, instance:testcases.TC001_Home_Page@b9b00e0]" started-at="2024-02-29T15:41:40 IST" name="setUp" finished-at="2024-02-29T15:42:01 IST" duration-ms="21655" status="PASS">
          <params>
            <param index="0">
              <value>
                <![CDATA[windows]]>
              </value>
            </param>
            <param index="1">
              <value>
                <![CDATA[Chrome]]>
              </value>
            </param>
          </params>
          <reporter-output>
          </reporter-output>
        </test-method> <!-- setUp -->
        <test-method signature="homePageVerification()[pri:1, instance:testcases.TC001_Home_Page@b9b00e0]" started-at="2024-02-29T15:42:02 IST" name="homePageVerification" finished-at="2024-02-29T15:42:08 IST" duration-ms="6862" status="PASS">
          <reporter-output>
          </reporter-output>
        </test-method> <!-- homePageVerification -->
        <test-method signature="WebDevelopmentPageVerification()[pri:2, instance:testcases.TC001_Home_Page@b9b00e0]" started-at="2024-02-29T15:42:09 IST" name="WebDevelopmentPageVerification" finished-at="2024-02-29T15:42:10 IST" duration-ms="700" status="PASS">
          <reporter-output>
          </reporter-output>
        </test-method> <!-- WebDevelopmentPageVerification -->
        <test-method signature="coursesVerification()[pri:3, instance:testcases.TC001_Home_Page@b9b00e0]" started-at="2024-02-29T15:42:10 IST" name="coursesVerification" finished-at="2024-02-29T15:42:28 IST" duration-ms="17770" status="PASS">
          <reporter-output>
          </reporter-output>
        </test-method> <!-- coursesVerification -->
        <test-method signature="SecondsearchboxVerification()[pri:4, instance:testcases.TC001_Home_Page@b9b00e0]" started-at="2024-02-29T15:42:28 IST" name="SecondsearchboxVerification" finished-at="2024-02-29T15:42:30 IST" duration-ms="1607" status="PASS">
          <reporter-output>
          </reporter-output>
        </test-method> <!-- SecondsearchboxVerification -->
        <test-method is-config="true" signature="tearDown()[pri:0, instance:testcases.TC001_Home_Page@b9b00e0]" started-at="2024-02-29T15:43:15 IST" name="tearDown" finished-at="2024-02-29T15:43:17 IST" duration-ms="1374" status="PASS">
          <reporter-output>
          </reporter-output>
        </test-method> <!-- tearDown -->
      </class> <!-- testcases.TC001_Home_Page -->
    </test> <!-- Test -->
  </suite> <!-- Suite -->
</testng-results>
